Using pre-set license
Built from '2020.3/staging' branch; Version is '2020.3.21f1 (a38c86f6690f) revision 10718342'; Using compiler version '192528614'; Build Type 'Release'
OS: 'Windows 10 Education; OS build 19041.1348; Version 2004; 64bit' Language: 'en' Physical Memory: 16331 MB
BatchMode: 1, IsHumanControllingUs: 0, StartBugReporterOnCrash: 0, Is64bit: 1, IsPro: 0

COMMAND LINE ARGUMENTS:
C:\Program Files\Unity\Hub\Editor\2020.3.21f1\Editor\Unity.exe
-adb2
-batchMode
-noUpm
-name
AssetImportWorker0
-projectPath
F:/Chaitanya/Github/Shaders-URP/Shaders-URP
-logFile
Logs/AssetImportWorker0.log
-srvPort
52633
Successfully changed project path to: F:/Chaitanya/Github/Shaders-URP/Shaders-URP
F:/Chaitanya/Github/Shaders-URP/Shaders-URP
Using Asset Import Pipeline V2.
Refreshing native plugins compatible for Editor in 48.20 ms, found 2 plugins.
Preloading 0 native plugins for Editor in 0.00 ms.
Initialize engine version: 2020.3.21f1 (a38c86f6690f)
[Subsystems] Discovering subsystems at path C:/Program Files/Unity/Hub/Editor/2020.3.21f1/Editor/Data/Resources/UnitySubsystems
[Subsystems] Discovering subsystems at path F:/Chaitanya/Github/Shaders-URP/Shaders-URP/Assets
GfxDevice: creating device client; threaded=0
Direct3D:
    Version:  Direct3D 11.0 [level 11.1]
    Renderer: NVIDIA GeForce GTX 1650 (ID=0x1f82)
    Vendor:   
    VRAM:     3962 MB
    Driver:   30.0.15.1277
Initialize mono
Mono path[0] = 'C:/Program Files/Unity/Hub/Editor/2020.3.21f1/Editor/Data/Managed'
Mono path[1] = 'C:/Program Files/Unity/Hub/Editor/2020.3.21f1/Editor/Data/MonoBleedingEdge/lib/mono/unityjit'
Mono config path = 'C:/Program Files/Unity/Hub/Editor/2020.3.21f1/Editor/Data/MonoBleedingEdge/etc'
Using monoOptions --debugger-agent=transport=dt_socket,embedding=1,server=y,suspend=n,address=127.0.0.1:56076
Begin MonoManager ReloadAssembly
Registering precompiled unity dll's ...
Register platform support module: C:/Program Files/Unity/Hub/Editor/2020.3.21f1/Editor/Data/PlaybackEngines/WindowsStandaloneSupport/UnityEditor.WindowsStandalone.Extensions.dll
Registered in 0.001757 seconds.
Native extension for WindowsStandalone target not found
Refreshing native plugins compatible for Editor in 45.33 ms, found 2 plugins.
Preloading 0 native plugins for Editor in 0.00 ms.
Mono: successfully reloaded assembly
- Completed reload, in  1.169 seconds
Domain Reload Profiling:
	ReloadAssembly (1169ms)
		BeginReloadAssembly (70ms)
			ExecutionOrderSort (0ms)
			DisableScriptedObjects (0ms)
			BackupInstance (0ms)
			ReleaseScriptingObjects (0ms)
			CreateAndSetChildDomain (1ms)
		EndReloadAssembly (426ms)
			LoadAssemblies (67ms)
			RebuildTransferFunctionScriptingTraits (0ms)
			SetupTypeCache (137ms)
			ReleaseScriptCaches (0ms)
			RebuildScriptCaches (34ms)
			SetupLoadedEditorAssemblies (168ms)
				LogAssemblyErrors (0ms)
				InitializePlatformSupportModulesInManaged (4ms)
				SetLoadedEditorAssemblies (0ms)
				RefreshPlugins (45ms)
				BeforeProcessingInitializeOnLoad (11ms)
				ProcessInitializeOnLoadAttributes (82ms)
				ProcessInitializeOnLoadMethodAttributes (25ms)
				AfterProcessingInitializeOnLoad (0ms)
				EditorAssembliesLoaded (0ms)
			ExecutionOrderSort2 (0ms)
			AwakeInstancesAfterBackupRestoration (0ms)
Platform modules already initialized, skipping
Registering precompiled user dll's ...
Registered in 0.004284 seconds.
Begin MonoManager ReloadAssembly
Native extension for WindowsStandalone target not found
Refreshing native plugins compatible for Editor in 54.45 ms, found 2 plugins.
Preloading 0 native plugins for Editor in 0.00 ms.
Mono: successfully reloaded assembly
- Completed reload, in  1.100 seconds
Domain Reload Profiling:
	ReloadAssembly (1100ms)
		BeginReloadAssembly (142ms)
			ExecutionOrderSort (0ms)
			DisableScriptedObjects (4ms)
			BackupInstance (0ms)
			ReleaseScriptingObjects (0ms)
			CreateAndSetChildDomain (23ms)
		EndReloadAssembly (902ms)
			LoadAssemblies (84ms)
			RebuildTransferFunctionScriptingTraits (0ms)
			SetupTypeCache (298ms)
			ReleaseScriptCaches (1ms)
			RebuildScriptCaches (51ms)
			SetupLoadedEditorAssemblies (363ms)
				LogAssemblyErrors (0ms)
				InitializePlatformSupportModulesInManaged (4ms)
				SetLoadedEditorAssemblies (0ms)
				RefreshPlugins (55ms)
				BeforeProcessingInitializeOnLoad (84ms)
				ProcessInitializeOnLoadAttributes (205ms)
				ProcessInitializeOnLoadMethodAttributes (9ms)
				AfterProcessingInitializeOnLoad (6ms)
				EditorAssembliesLoaded (0ms)
			ExecutionOrderSort2 (0ms)
			AwakeInstancesAfterBackupRestoration (6ms)
Platform modules already initialized, skipping
========================================================================
Worker process is ready to serve import requests
Launched and connected shader compiler UnityShaderCompiler.exe after 0.09 seconds
Refreshing native plugins compatible for Editor in 0.71 ms, found 2 plugins.
Preloading 0 native plugins for Editor in 0.00 ms.
Unloading 2796 Unused Serialized files (Serialized files now loaded: 0)
System memory in use before: 125.4 MB.
System memory in use after: 125.6 MB.

Unloading 20 unused Assets to reduce memory usage. Loaded Objects now: 3226.
Total: 3.968500 ms (FindLiveObjects: 0.353000 ms CreateObjectMapping: 0.154300 ms MarkObjects: 3.368300 ms  DeleteObjects: 0.092000 ms)

AssetImportParameters requested are different than current active one (requested -> active):
  custom:framework-win-MediaFoundation: 216162199b28c13a410421893ffa2e32 -> 
  custom:video-decoder-ogg-theora: a1e56fd34408186e4bbccfd4996cb3dc -> 
  custom:container-muxer-webm: aa71ff27fc2769a1b78a27578f13a17b -> 
  custom:container-demuxer-webm: 4f35f7cbe854078d1ac9338744f61a02 -> 
  custom:container-demuxer-ogg: 62fdf1f143b41e24485cea50d1cbac27 -> 
  custom:video-encoder-webm-vp8: eb34c28f22e8b96e1ab97ce403110664 -> 
  custom:video-decoder-webm-vp8: 9c59270c3fd7afecdb556c50c9e8de78 -> 
  custom:audio-decoder-ogg-vorbis: bf7c407c2cedff20999df2af8eb42d56 -> 
  custom:audio-encoder-webm-vorbis: bf7c407c2cedff20999df2af8eb42d56 -> 
========================================================================
Received Import Request.
  path: Assets/MainGame
  artifactKey: Guid(f787292db8f7016448e325baa3735079) Importer(815301076,1909f56bfc062723c751e8b465ee728b)
Start importing Assets/MainGame using Guid(f787292db8f7016448e325baa3735079) Importer(815301076,1909f56bfc062723c751e8b465ee728b)  -> (artifact id: '010b7dba9d036e1dcce55c2c55eb4671') in 0.008794 seconds 
  Import took 0.013167 seconds .

========================================================================
Received Import Request.
  Time since last request: 10.677199 seconds.
  path: Assets/MainGame/Shaders
  artifactKey: Guid(67975876e49309f41b3e9632804ef9b4) Importer(815301076,1909f56bfc062723c751e8b465ee728b)
Start importing Assets/MainGame/Shaders using Guid(67975876e49309f41b3e9632804ef9b4) Importer(815301076,1909f56bfc062723c751e8b465ee728b)  -> (artifact id: 'e8f2f263b64a6854ab49b05d7e855dce') in 0.007773 seconds 
  Import took 0.012226 seconds .

========================================================================
Received Import Request.
  Time since last request: 13.499123 seconds.
  path: Assets/MainGame/Shaders/Gradient.shadergraph
  artifactKey: Guid(8d014706a9c250948bc9e3dc60b8e202) Importer(815301076,1909f56bfc062723c751e8b465ee728b)
Start importing Assets/MainGame/Shaders/Gradient.shadergraph using Guid(8d014706a9c250948bc9e3dc60b8e202) Importer(815301076,1909f56bfc062723c751e8b465ee728b)  -> (artifact id: 'c4118df43b74cafc80fb6a54c4ed101d') in 0.027245 seconds 
  Import took 0.043153 seconds .

========================================================================
Received Import Request.
  Time since last request: 4.115720 seconds.
  path: Assets/MainGame/Shaders/GradientShader.shadergraph
  artifactKey: Guid(8d014706a9c250948bc9e3dc60b8e202) Importer(815301076,1909f56bfc062723c751e8b465ee728b)
Start importing Assets/MainGame/Shaders/GradientShader.shadergraph using Guid(8d014706a9c250948bc9e3dc60b8e202) Importer(815301076,1909f56bfc062723c751e8b465ee728b)  -> (artifact id: 'a69f559526cf926ec82ca9cfc721d71a') in 0.005937 seconds 
  Import took 0.011262 seconds .

========================================================================
Received Import Request.
  Time since last request: 181.973501 seconds.
  path: Assets/MainGame/Shaders/GradientShader.shadergraph
  artifactKey: Guid(8d014706a9c250948bc9e3dc60b8e202) Importer(815301076,1909f56bfc062723c751e8b465ee728b)
Start importing Assets/MainGame/Shaders/GradientShader.shadergraph using Guid(8d014706a9c250948bc9e3dc60b8e202) Importer(815301076,1909f56bfc062723c751e8b465ee728b)  -> (artifact id: 'd7ee6a20c7aeb92cc40d8432b6bb1af6') in 0.005773 seconds 
  Import took 0.011432 seconds .

AssetImportWorkerClient::OnTransportError - code=2 error=End of file
